<?xml version="1.0" encoding="UTF-8"?>
<!-- Generated by org.testng.reporters.JUnitReportReporter -->
<testsuite hostname="user-PC" failures="0" tests="1" name="testCases.TC_002_Login" time="10.646" errors="0" timestamp="2023-07-16T19:30:42 IST" skipped="0">
  <testcase classname="testCases.TC_002_Login" name="testLogin" time="10.646"/>
  <system-out/>
</testsuite> <!-- testCases.TC_002_Login -->
