<?xml version="1.0" encoding="UTF-8"?>
<!-- Generated by org.testng.reporters.JUnitReportReporter -->
<testsuite hostname="user-PC" failures="0" tests="1" name="testCases.AccountRegistrationTest" time="11.603" errors="0" timestamp="2023-07-14T16:54:33 IST" skipped="0">
  <testcase classname="testCases.AccountRegistrationTest" name="testRegistration" time="11.603"/>
  <system-out/>
</testsuite> <!-- testCases.AccountRegistrationTest -->
